#-----------------------------------------------------------
# Vivado v2024.2 (64-bit)
# SW Build 5239630 on Fri Nov 08 22:35:27 MST 2024
# IP Build 5239520 on Sun Nov 10 16:12:51 MST 2024
# SharedData Build 5239561 on Fri Nov 08 14:39:27 MST 2024
# Start of session at: Wed Mar  5 18:23:58 2025
# Process ID         : 26612
# Current directory  : C:/Users/samridh/multiplier_cla
# Command line       : vivado.exe -gui_launcher_event rodinguilauncherevent25420 C:\Users\samridh\multiplier_cla\multiplier_cla.xpr
# Log file           : C:/Users/samridh/multiplier_cla/vivado.log
# Journal file       : C:/Users/samridh/multiplier_cla\vivado.jou
# Running On         : PCSAM
# Platform           : Windows Server 2016 or Windows 10
# Operating System   : 26100
# Processor Detail   : Intel(R) Core(TM) i3-1005G1 CPU @ 1.20GHz
# CPU Frequency      : 1190 MHz
# CPU Physical cores : 2
# CPU Logical cores  : 4
# Host memory        : 8262 MB
# Swap memory        : 13046 MB
# Total Virtual      : 21309 MB
# Available Virtual  : 3100 MB
#-----------------------------------------------------------
start_gui
open_project C:/Users/samridh/multiplier_cla/multiplier_cla.xpr
INFO: [filemgmt 56-3] Default IP Output Path : Could not find the directory 'C:/Users/samridh/multiplier_cla/multiplier_cla.gen/sources_1'.
Scanning sources...
Finished scanning sources
INFO: [IP_Flow 19-234] Refreshing IP repositories
INFO: [IP_Flow 19-1704] No user IP repositories specified
INFO: [IP_Flow 19-2313] Loaded Vivado IP repository 'D:/xilinx/Vivado/2024.2/data/ip'.
open_project: Time (s): cpu = 00:00:17 ; elapsed = 00:00:10 . Memory (MB): peak = 1191.117 ; gain = 85.566
update_compile_order -fileset sources_1
